<?xml version="1.0" encoding="UTF-8"?>
<testsuite xmlns:xsi="http://www.w3.org/2001/XMLSchema-instance" xsi:noNamespaceSchemaLocation="https://maven.apache.org/surefire/maven-surefire-plugin/xsd/surefire-test-report.xsd" name="testRunner.TestRunner" time="5.358" tests="5" errors="0" skipped="0" failures="0">
  <properties>
[...]
</properties>
  <testcase name="Apply Loan" classname="Bank Loan Application Scenario" time="0.882"/>
  <testcase name="Login Link" classname="Bank Login Scenario" time="0.213"/>
  <testcase name="Logout Link" classname="Bank Logout Scenario" time="0.128"/>
  <testcase name="Register Link" classname="Bank Account Register Scenario" time="0.042"/>
  <testcase name="Update bank account details" classname="Bank Account Details Updation Scenario" time="0.032"/>
</testsuite>